  EquilaterallesTriangle.cpp
C:\Users\Leamas\source\repos\Class_hierarchy_DinamicLib\DynamicLibClassH\Figure.h(15,14): warning C4251: "Figure::name": "std::basic_string<char,std::char_traits<char>,std::allocator<char>>" должен иметь dll-интерфейс для использования клиентами "Figure"
  (компиляция исходного файла "EquilaterallesTriangle.cpp")
      C:\Program Files\Microsoft Visual Studio\2022\Community\VC\Tools\MSVC\14.42.34433\include\xstring(527,7):
       см. объявление "std::basic_string<char,std::char_traits<char>,std::allocator<char>>"
  
  Figure.cpp
C:\Users\Leamas\source\repos\Class_hierarchy_DinamicLib\DynamicLibClassH\Figure.h(15,14): warning C4251: "Figure::name": "std::basic_string<char,std::char_traits<char>,std::allocator<char>>" должен иметь dll-интерфейс для использования клиентами "Figure"
  (компиляция исходного файла "Figure.cpp")
      C:\Program Files\Microsoft Visual Studio\2022\Community\VC\Tools\MSVC\14.42.34433\include\xstring(527,7):
       см. объявление "std::basic_string<char,std::char_traits<char>,std::allocator<char>>"
  
  IsoscelesTriangle.cpp
C:\Users\Leamas\source\repos\Class_hierarchy_DinamicLib\DynamicLibClassH\Figure.h(15,14): warning C4251: "Figure::name": "std::basic_string<char,std::char_traits<char>,std::allocator<char>>" должен иметь dll-интерфейс для использования клиентами "Figure"
  (компиляция исходного файла "IsoscelesTriangle.cpp")
      C:\Program Files\Microsoft Visual Studio\2022\Community\VC\Tools\MSVC\14.42.34433\include\xstring(527,7):
       см. объявление "std::basic_string<char,std::char_traits<char>,std::allocator<char>>"
  
  Parallelogram.cpp
C:\Users\Leamas\source\repos\Class_hierarchy_DinamicLib\DynamicLibClassH\Figure.h(15,14): warning C4251: "Figure::name": "std::basic_string<char,std::char_traits<char>,std::allocator<char>>" должен иметь dll-интерфейс для использования клиентами "Figure"
  (компиляция исходного файла "Parallelogram.cpp")
      C:\Program Files\Microsoft Visual Studio\2022\Community\VC\Tools\MSVC\14.42.34433\include\xstring(527,7):
       см. объявление "std::basic_string<char,std::char_traits<char>,std::allocator<char>>"
  
  Quadrangle.cpp
C:\Users\Leamas\source\repos\Class_hierarchy_DinamicLib\DynamicLibClassH\Figure.h(15,14): warning C4251: "Figure::name": "std::basic_string<char,std::char_traits<char>,std::allocator<char>>" должен иметь dll-интерфейс для использования клиентами "Figure"
  (компиляция исходного файла "Quadrangle.cpp")
      C:\Program Files\Microsoft Visual Studio\2022\Community\VC\Tools\MSVC\14.42.34433\include\xstring(527,7):
       см. объявление "std::basic_string<char,std::char_traits<char>,std::allocator<char>>"
  
  Rectangle.cpp
C:\Users\Leamas\source\repos\Class_hierarchy_DinamicLib\DynamicLibClassH\Figure.h(15,14): warning C4251: "Figure::name": "std::basic_string<char,std::char_traits<char>,std::allocator<char>>" должен иметь dll-интерфейс для использования клиентами "Figure"
  (компиляция исходного файла "Rectangle.cpp")
      C:\Program Files\Microsoft Visual Studio\2022\Community\VC\Tools\MSVC\14.42.34433\include\xstring(527,7):
       см. объявление "std::basic_string<char,std::char_traits<char>,std::allocator<char>>"
  
  Rhomb.cpp
C:\Users\Leamas\source\repos\Class_hierarchy_DinamicLib\DynamicLibClassH\Figure.h(15,14): warning C4251: "Figure::name": "std::basic_string<char,std::char_traits<char>,std::allocator<char>>" должен иметь dll-интерфейс для использования клиентами "Figure"
  (компиляция исходного файла "Rhomb.cpp")
      C:\Program Files\Microsoft Visual Studio\2022\Community\VC\Tools\MSVC\14.42.34433\include\xstring(527,7):
       см. объявление "std::basic_string<char,std::char_traits<char>,std::allocator<char>>"
  
  RightTriangle.cpp
C:\Users\Leamas\source\repos\Class_hierarchy_DinamicLib\DynamicLibClassH\Figure.h(15,14): warning C4251: "Figure::name": "std::basic_string<char,std::char_traits<char>,std::allocator<char>>" должен иметь dll-интерфейс для использования клиентами "Figure"
  (компиляция исходного файла "RightTriangle.cpp")
      C:\Program Files\Microsoft Visual Studio\2022\Community\VC\Tools\MSVC\14.42.34433\include\xstring(527,7):
       см. объявление "std::basic_string<char,std::char_traits<char>,std::allocator<char>>"
  
  Square.cpp
C:\Users\Leamas\source\repos\Class_hierarchy_DinamicLib\DynamicLibClassH\Figure.h(15,14): warning C4251: "Figure::name": "std::basic_string<char,std::char_traits<char>,std::allocator<char>>" должен иметь dll-интерфейс для использования клиентами "Figure"
  (компиляция исходного файла "Square.cpp")
      C:\Program Files\Microsoft Visual Studio\2022\Community\VC\Tools\MSVC\14.42.34433\include\xstring(527,7):
       см. объявление "std::basic_string<char,std::char_traits<char>,std::allocator<char>>"
  
  Triangle.cpp
C:\Users\Leamas\source\repos\Class_hierarchy_DinamicLib\DynamicLibClassH\Figure.h(15,14): warning C4251: "Figure::name": "std::basic_string<char,std::char_traits<char>,std::allocator<char>>" должен иметь dll-интерфейс для использования клиентами "Figure"
  (компиляция исходного файла "Triangle.cpp")
      C:\Program Files\Microsoft Visual Studio\2022\Community\VC\Tools\MSVC\14.42.34433\include\xstring(527,7):
       см. объявление "std::basic_string<char,std::char_traits<char>,std::allocator<char>>"
  
  Создание кода...
     Создается библиотека C:\Users\Leamas\source\repos\Class_hierarchy_DinamicLib\x64\Debug\DynamicLibClassH.lib и объект C:\Users\Leamas\source\repos\Class_hierarchy_DinamicLib\x64\Debug\DynamicLibClassH.exp
  DynamicLibClassH.vcxproj -> C:\Users\Leamas\source\repos\Class_hierarchy_DinamicLib\x64\Debug\DynamicLibClassH.dll
